[debug] [2026-01-19T20:58:14.188Z] ----------------------------------------------------------------------
[debug] [2026-01-19T20:58:14.190Z] Command:       /usr/local/bin/node /Users/oliverronco/.npm/_npx/ba4f1959e38407b5/node_modules/.bin/firebase init
[debug] [2026-01-19T20:58:14.190Z] CLI Version:   15.3.1
[debug] [2026-01-19T20:58:14.190Z] Platform:      darwin
[debug] [2026-01-19T20:58:14.190Z] Node Version:  v24.12.0
[debug] [2026-01-19T20:58:14.190Z] Time:          Mon Jan 19 2026 20:58:14 GMT+0000 (Greenwich Mean Time)
[debug] [2026-01-19T20:58:14.190Z] ----------------------------------------------------------------------
[debug] 
[info] 
     ######## #### ########  ######## ########     ###     ######  ########
     ##        ##  ##     ## ##       ##     ##  ##   ##  ##       ##
     ######    ##  ########  ######   ########  #########  ######  ######
     ##        ##  ##    ##  ##       ##     ## ##     ##       ## ##
     ##       #### ##     ## ######## ########  ##     ##  ######  ########

You're about to initialize a Firebase project in this directory:

  /Users/oliverronco/quiz-website1

[info] 
=== Project Setup
[info] 
[info] First, let's associate this project directory with a Firebase project.
[info] You can create multiple project aliases by running firebase use --add, 
[info] 
[debug] [2026-01-19T21:00:57.358Z] > command requires scopes: ["email","openid","https://www.googleapis.com/auth/cloudplatformprojects.readonly","https://www.googleapis.com/auth/firebase","https://www.googleapis.com/auth/cloud-platform"]
[debug] [2026-01-19T21:00:57.371Z] > authorizing via signed-in user (oliveroates01@gmail.com)
[debug] [2026-01-19T21:00:57.378Z] Checked if tokens are valid: true, expires at: 1768859891697
[debug] [2026-01-19T21:00:57.378Z] Checked if tokens are valid: true, expires at: 1768859891697
[debug] [2026-01-19T21:00:57.380Z] >>> [apiv2][query] GET https://firebase.googleapis.com/v1beta1/projects pageSize=100
[debug] [2026-01-19T21:00:57.967Z] <<< [apiv2][status] GET https://firebase.googleapis.com/v1beta1/projects 200
[debug] [2026-01-19T21:00:57.968Z] <<< [apiv2][body] GET https://firebase.googleapis.com/v1beta1/projects [omitted]
[info] 
=== Firestore Setup
[info] i  firestore: ensuring required API firestore.googleapis.com is enabled... 
[debug] [2026-01-19T21:05:11.097Z] Checked if tokens are valid: true, expires at: 1768859891697
[debug] [2026-01-19T21:05:11.097Z] Checked if tokens are valid: true, expires at: 1768859891697
[debug] [2026-01-19T21:05:11.097Z] >>> [apiv2][query] GET https://serviceusage.googleapis.com/v1/projects/web1-bd26b/services/firestore.googleapis.com [none]
[debug] [2026-01-19T21:05:11.097Z] >>> [apiv2][(partial)header] GET https://serviceusage.googleapis.com/v1/projects/web1-bd26b/services/firestore.googleapis.com x-goog-quota-user=projects/web1-bd26b
[debug] [2026-01-19T21:05:12.010Z] <<< [apiv2][status] GET https://serviceusage.googleapis.com/v1/projects/web1-bd26b/services/firestore.googleapis.com 200
[debug] [2026-01-19T21:05:12.011Z] <<< [apiv2][body] GET https://serviceusage.googleapis.com/v1/projects/web1-bd26b/services/firestore.googleapis.com [omitted]
[warn] ⚠  firestore: missing required API firestore.googleapis.com. Enabling now... 
[debug] [2026-01-19T21:05:12.012Z] Checked if tokens are valid: true, expires at: 1768859891697
[debug] [2026-01-19T21:05:12.012Z] Checked if tokens are valid: true, expires at: 1768859891697
[debug] [2026-01-19T21:05:12.013Z] >>> [apiv2][query] POST https://serviceusage.googleapis.com/v1/projects/web1-bd26b/services/firestore.googleapis.com:enable [none]
[debug] [2026-01-19T21:05:12.013Z] >>> [apiv2][(partial)header] POST https://serviceusage.googleapis.com/v1/projects/web1-bd26b/services/firestore.googleapis.com:enable x-goog-quota-user=projects/web1-bd26b
[debug] [2026-01-19T21:05:13.150Z] <<< [apiv2][status] POST https://serviceusage.googleapis.com/v1/projects/web1-bd26b/services/firestore.googleapis.com:enable 200
[debug] [2026-01-19T21:05:13.150Z] <<< [apiv2][body] POST https://serviceusage.googleapis.com/v1/projects/web1-bd26b/services/firestore.googleapis.com:enable [omitted]
[debug] [2026-01-19T21:05:23.166Z] Checked if tokens are valid: true, expires at: 1768859891697
[debug] [2026-01-19T21:05:23.167Z] Checked if tokens are valid: true, expires at: 1768859891697
[debug] [2026-01-19T21:05:23.167Z] >>> [apiv2][query] GET https://firestore.googleapis.com/v1/projects/web1-bd26b/databases [none]
[debug] [2026-01-19T21:05:23.829Z] <<< [apiv2][status] GET https://firestore.googleapis.com/v1/projects/web1-bd26b/databases 200
[debug] [2026-01-19T21:05:23.829Z] <<< [apiv2][body] GET https://firestore.googleapis.com/v1/projects/web1-bd26b/databases {}
[debug] [2026-01-19T21:05:23.830Z] Checked if tokens are valid: true, expires at: 1768859891697
[debug] [2026-01-19T21:05:23.830Z] Checked if tokens are valid: true, expires at: 1768859891697
[debug] [2026-01-19T21:05:23.830Z] >>> [apiv2][query] GET https://firestore.googleapis.com/v1/projects/web1-bd26b/locations [none]
[debug] [2026-01-19T21:05:23.951Z] <<< [apiv2][status] GET https://firestore.googleapis.com/v1/projects/web1-bd26b/locations 200
[debug] [2026-01-19T21:05:23.951Z] <<< [apiv2][body] GET https://firestore.googleapis.com/v1/projects/web1-bd26b/locations {"locations":[{"name":"projects/web1-bd26b/locations/eur3","labels":{"appengine.googleapis.com/geo":"europe-west","cloud.googleapis.com/location":"eur3","cloud.googleapis.com/geo":"eur3"},"metadata":{"@type":"type.googleapis.com/google.firestore.admin.v1.LocationMetadata"},"locationId":"eur3","displayName":"Europe"},{"name":"projects/web1-bd26b/locations/nam5","labels":{"appengine.googleapis.com/geo":"us-central","cloud.googleapis.com/location":"nam5","cloud.googleapis.com/geo":"nam5"},"metadata":{"@type":"type.googleapis.com/google.firestore.admin.v1.LocationMetadata"},"locationId":"nam5","displayName":"United States"},{"name":"projects/web1-bd26b/locations/nam7","labels":{"cloud.googleapis.com/location":"nam7","cloud.googleapis.com/geo":"nam7"},"metadata":{"@type":"type.googleapis.com/google.firestore.admin.v1.LocationMetadata"},"locationId":"nam7","displayName":"United States"},{"name":"projects/web1-bd26b/locations/africa-south1","labels":{"cloud.googleapis.com/location":"africa-south1","cloud.googleapis.com/region":"africa-south1"},"metadata":{"@type":"type.googleapis.com/google.firestore.admin.v1.LocationMetadata"},"locationId":"africa-south1","displayName":"Johannesburg"},{"name":"projects/web1-bd26b/locations/asia-east1","labels":{"appengine.googleapis.com/region":"asia-east1","cloud.googleapis.com/location":"asia-east1","cloud.googleapis.com/region":"asia-east1"},"metadata":{"@type":"type.googleapis.com/google.firestore.admin.v1.LocationMetadata"},"locationId":"asia-east1","displayName":"Taiwan"},{"name":"projects/web1-bd26b/locations/asia-east2","labels":{"appengine.googleapis.com/region":"asia-east2","cloud.googleapis.com/location":"asia-east2","cloud.googleapis.com/region":"asia-east2"},"metadata":{"@type":"type.googleapis.com/google.firestore.admin.v1.LocationMetadata"},"locationId":"asia-east2","displayName":"Hong Kong"},{"name":"projects/web1-bd26b/locations/asia-northeast1","labels":{"appengine.googleapis.com/region":"asia-northeast1","cloud.googleapis.com/location":"asia-northeast1","cloud.googleapis.com/region":"asia-northeast1"},"metadata":{"@type":"type.googleapis.com/google.firestore.admin.v1.LocationMetadata"},"locationId":"asia-northeast1","displayName":"Tokyo"},{"name":"projects/web1-bd26b/locations/asia-northeast2","labels":{"appengine.googleapis.com/region":"asia-northeast2","cloud.googleapis.com/location":"asia-northeast2","cloud.googleapis.com/region":"asia-northeast2"},"metadata":{"@type":"type.googleapis.com/google.firestore.admin.v1.LocationMetadata"},"locationId":"asia-northeast2","displayName":"Osaka"},{"name":"projects/web1-bd26b/locations/asia-northeast3","labels":{"appengine.googleapis.com/region":"asia-northeast3","cloud.googleapis.com/location":"asia-northeast3","cloud.googleapis.com/region":"asia-northeast3"},"metadata":{"@type":"type.googleapis.com/google.firestore.admin.v1.LocationMetadata"},"locationId":"asia-northeast3","displayName":"Seoul"},{"name":"projects/web1-bd26b/locations/asia-south1","labels":{"appengine.googleapis.com/region":"asia-south1","cloud.googleapis.com/location":"asia-south1","cloud.googleapis.com/region":"asia-south1"},"metadata":{"@type":"type.googleapis.com/google.firestore.admin.v1.LocationMetadata"},"locationId":"asia-south1","displayName":"Mumbai"},{"name":"projects/web1-bd26b/locations/asia-south2","labels":{"cloud.googleapis.com/location":"asia-south2","cloud.googleapis.com/region":"asia-south2"},"metadata":{"@type":"type.googleapis.com/google.firestore.admin.v1.LocationMetadata"},"locationId":"asia-south2","displayName":"Delhi"},{"name":"projects/web1-bd26b/locations/asia-southeast1","labels":{"appengine.googleapis.com/region":"asia-southeast1","cloud.googleapis.com/location":"asia-southeast1","cloud.googleapis.com/region":"asia-southeast1"},"metadata":{"@type":"type.googleapis.com/google.firestore.admin.v1.LocationMetadata"},"locationId":"asia-southeast1","displayName":"Singapore"},{"name":"projects/web1-bd26b/locations/asia-southeast2","labels":{"appengine.googleapis.com/region":"asia-southeast2","cloud.googleapis.com/location":"asia-southeast2","cloud.googleapis.com/region":"asia-southeast2"},"metadata":{"@type":"type.googleapis.com/google.firestore.admin.v1.LocationMetadata"},"locationId":"asia-southeast2","displayName":"Jakarta"},{"name":"projects/web1-bd26b/locations/asia-southeast3","labels":{"cloud.googleapis.com/location":"asia-southeast3","cloud.googleapis.com/region":"asia-southeast3"},"metadata":{"@type":"type.googleapis.com/google.firestore.admin.v1.LocationMetadata"},"locationId":"asia-southeast3","displayName":"Bangkok"},{"name":"projects/web1-bd26b/locations/australia-southeast1","labels":{"appengine.googleapis.com/region":"australia-southeast1","cloud.googleapis.com/location":"australia-southeast1","cloud.googleapis.com/region":"australia-southeast1"},"metadata":{"@type":"type.googleapis.com/google.firestore.admin.v1.LocationMetadata"},"locationId":"australia-southeast1","displayName":"Sydney"},{"name":"projects/web1-bd26b/locations/australia-southeast2","labels":{"cloud.googleapis.com/location":"australia-southeast2","cloud.googleapis.com/region":"australia-southeast2"},"metadata":{"@type":"type.googleapis.com/google.firestore.admin.v1.LocationMetadata"},"locationId":"australia-southeast2","displayName":"Melbourne"},{"name":"projects/web1-bd26b/locations/europe-central2","labels":{"appengine.googleapis.com/region":"europe-central2","cloud.googleapis.com/location":"europe-central2","cloud.googleapis.com/region":"europe-central2"},"metadata":{"@type":"type.googleapis.com/google.firestore.admin.v1.LocationMetadata"},"locationId":"europe-central2","displayName":"Warsaw"},{"name":"projects/web1-bd26b/locations/europe-north1","labels":{"cloud.googleapis.com/location":"europe-north1","cloud.googleapis.com/region":"europe-north1"},"metadata":{"@type":"type.googleapis.com/google.firestore.admin.v1.LocationMetadata"},"locationId":"europe-north1","displayName":"Finland"},{"name":"projects/web1-bd26b/locations/europe-north2","labels":{"cloud.googleapis.com/location":"europe-north2","cloud.googleapis.com/region":"europe-north2"},"metadata":{"@type":"type.googleapis.com/google.firestore.admin.v1.LocationMetadata"},"locationId":"europe-north2","displayName":"Stockholm"},{"name":"projects/web1-bd26b/locations/europe-southwest1","labels":{"cloud.googleapis.com/location":"europe-southwest1","cloud.googleapis.com/region":"europe-southwest1"},"metadata":{"@type":"type.googleapis.com/google.firestore.admin.v1.LocationMetadata"},"locationId":"europe-southwest1","displayName":"Madrid"},{"name":"projects/web1-bd26b/locations/europe-west1","labels":{"cloud.googleapis.com/location":"europe-west1","cloud.googleapis.com/region":"europe-west1"},"metadata":{"@type":"type.googleapis.com/google.firestore.admin.v1.LocationMetadata"},"locationId":"europe-west1","displayName":"Belgium"},{"name":"projects/web1-bd26b/locations/europe-west10","labels":{"cloud.googleapis.com/location":"europe-west10","cloud.googleapis.com/region":"europe-west10"},"metadata":{"@type":"type.googleapis.com/google.firestore.admin.v1.LocationMetadata"},"locationId":"europe-west10","displayName":"Berlin"},{"name":"projects/web1-bd26b/locations/europe-west12","labels":{"cloud.googleapis.com/location":"europe-west12","cloud.googleapis.com/region":"europe-west12"},"metadata":{"@type":"type.googleapis.com/google.firestore.admin.v1.LocationMetadata"},"locationId":"europe-west12","displayName":"Turin"},{"name":"projects/web1-bd26b/locations/europe-west2","labels":{"appengine.googleapis.com/region":"europe-west2","cloud.googleapis.com/location":"europe-west2","cloud.googleapis.com/region":"europe-west2"},"metadata":{"@type":"type.googleapis.com/google.firestore.admin.v1.LocationMetadata"},"locationId":"europe-west2","displayName":"London"},{"name":"projects/web1-bd26b/locations/europe-west3","labels":{"appengine.googleapis.com/region":"europe-west3","cloud.googleapis.com/location":"europe-west3","cloud.googleapis.com/region":"europe-west3"},"metadata":{"@type":"type.googleapis.com/google.firestore.admin.v1.LocationMetadata"},"locationId":"europe-west3","displayName":"Frankfurt"},{"name":"projects/web1-bd26b/locations/europe-west4","labels":{"cloud.googleapis.com/location":"europe-west4","cloud.googleapis.com/region":"europe-west4"},"metadata":{"@type":"type.googleapis.com/google.firestore.admin.v1.LocationMetadata"},"locationId":"europe-west4","displayName":"Netherlands"},{"name":"projects/web1-bd26b/locations/europe-west6","labels":{"appengine.googleapis.com/region":"europe-west6","cloud.googleapis.com/location":"europe-west6","cloud.googleapis.com/region":"europe-west6"},"metadata":{"@type":"type.googleapis.com/google.firestore.admin.v1.LocationMetadata"},"locationId":"europe-west6","displayName":"Zurich"},{"name":"projects/web1-bd26b/locations/europe-west8","labels":{"cloud.googleapis.com/location":"europe-west8","cloud.googleapis.com/region":"europe-west8"},"metadata":{"@type":"type.googleapis.com/google.firestore.admin.v1.LocationMetadata"},"locationId":"europe-west8","displayName":"Milan"},{"name":"projects/web1-bd26b/locations/europe-west9","labels":{"cloud.googleapis.com/location":"europe-west9","cloud.googleapis.com/region":"europe-west9"},"metadata":{"@type":"type.googleapis.com/google.firestore.admin.v1.LocationMetadata"},"locationId":"europe-west9","displayName":"Paris"},{"name":"projects/web1-bd26b/locations/me-central1","labels":{"cloud.googleapis.com/location":"me-central1","cloud.googleapis.com/region":"me-central1"},"metadata":{"@type":"type.googleapis.com/google.firestore.admin.v1.LocationMetadata"},"locationId":"me-central1","displayName":"Doha"},{"name":"projects/web1-bd26b/locations/me-central2","labels":{"cloud.googleapis.com/location":"me-central2","cloud.googleapis.com/region":"me-central2"},"metadata":{"@type":"type.googleapis.com/google.firestore.admin.v1.LocationMetadata"},"locationId":"me-central2","displayName":"Dammam"},{"name":"projects/web1-bd26b/locations/me-west1","labels":{"cloud.googleapis.com/location":"me-west1","cloud.googleapis.com/region":"me-west1"},"metadata":{"@type":"type.googleapis.com/google.firestore.admin.v1.LocationMetadata"},"locationId":"me-west1","displayName":"Tel Aviv"},{"name":"projects/web1-bd26b/locations/northamerica-northeast1","labels":{"appengine.googleapis.com/region":"northamerica-northeast1","cloud.googleapis.com/location":"northamerica-northeast1","cloud.googleapis.com/region":"northamerica-northeast1"},"metadata":{"@type":"type.googleapis.com/google.firestore.admin.v1.LocationMetadata"},"locationId":"northamerica-northeast1","displayName":"Montréal"},{"name":"projects/web1-bd26b/locations/northamerica-northeast2","labels":{"cloud.googleapis.com/location":"northamerica-northeast2","cloud.googleapis.com/region":"northamerica-northeast2"},"metadata":{"@type":"type.googleapis.com/google.firestore.admin.v1.LocationMetadata"},"locationId":"northamerica-northeast2","displayName":"Toronto"},{"name":"projects/web1-bd26b/locations/northamerica-south1","labels":{"cloud.googleapis.com/location":"northamerica-south1","cloud.googleapis.com/region":"northamerica-south1"},"metadata":{"@type":"type.googleapis.com/google.firestore.admin.v1.LocationMetadata"},"locationId":"northamerica-south1","displayName":"Mexico"},{"name":"projects/web1-bd26b/locations/southamerica-east1","labels":{"appengine.googleapis.com/region":"southamerica-east1","cloud.googleapis.com/location":"southamerica-east1","cloud.googleapis.com/region":"southamerica-east1"},"metadata":{"@type":"type.googleapis.com/google.firestore.admin.v1.LocationMetadata"},"locationId":"southamerica-east1","displayName":"São Paulo"},{"name":"projects/web1-bd26b/locations/southamerica-west1","labels":{"cloud.googleapis.com/location":"southamerica-west1","cloud.googleapis.com/region":"southamerica-west1"},"metadata":{"@type":"type.googleapis.com/google.firestore.admin.v1.LocationMetadata"},"locationId":"southamerica-west1","displayName":"Santiago"},{"name":"projects/web1-bd26b/locations/us-central1","labels":{"cloud.googleapis.com/location":"us-central1","cloud.googleapis.com/region":"us-central1"},"metadata":{"@type":"type.googleapis.com/google.firestore.admin.v1.LocationMetadata"},"locationId":"us-central1","displayName":"Iowa"},{"name":"projects/web1-bd26b/locations/us-east1","labels":{"appengine.googleapis.com/region":"us-east1","cloud.googleapis.com/location":"us-east1","cloud.googleapis.com/region":"us-east1"},"metadata":{"@type":"type.googleapis.com/google.firestore.admin.v1.LocationMetadata"},"locationId":"us-east1","displayName":"South Carolina"},{"name":"projects/web1-bd26b/locations/us-east4","labels":{"appengine.googleapis.com/region":"us-east4","cloud.googleapis.com/location":"us-east4","cloud.googleapis.com/region":"us-east4"},"metadata":{"@type":"type.googleapis.com/google.firestore.admin.v1.LocationMetadata"},"locationId":"us-east4","displayName":"Northern Virginia"},{"name":"projects/web1-bd26b/locations/us-east5","labels":{"cloud.googleapis.com/location":"us-east5","cloud.googleapis.com/region":"us-east5"},"metadata":{"@type":"type.googleapis.com/google.firestore.admin.v1.LocationMetadata"},"locationId":"us-east5","displayName":"Columbus"},{"name":"projects/web1-bd26b/locations/us-south1","labels":{"cloud.googleapis.com/location":"us-south1","cloud.googleapis.com/region":"us-south1"},"metadata":{"@type":"type.googleapis.com/google.firestore.admin.v1.LocationMetadata"},"locationId":"us-south1","displayName":"Dallas"},{"name":"projects/web1-bd26b/locations/us-west1","labels":{"appengine.googleapis.com/region":"us-west1","cloud.googleapis.com/location":"us-west1","cloud.googleapis.com/region":"us-west1"},"metadata":{"@type":"type.googleapis.com/google.firestore.admin.v1.LocationMetadata"},"locationId":"us-west1","displayName":"Oregon"},{"name":"projects/web1-bd26b/locations/us-west2","labels":{"appengine.googleapis.com/region":"us-west2","cloud.googleapis.com/location":"us-west2","cloud.googleapis.com/region":"us-west2"},"metadata":{"@type":"type.googleapis.com/google.firestore.admin.v1.LocationMetadata"},"locationId":"us-west2","displayName":"Los Angeles"},{"name":"projects/web1-bd26b/locations/us-west3","labels":{"appengine.googleapis.com/region":"us-west3","cloud.googleapis.com/location":"us-west3","cloud.googleapis.com/region":"us-west3"},"metadata":{"@type":"type.googleapis.com/google.firestore.admin.v1.LocationMetadata"},"locationId":"us-west3","displayName":"Salt Lake City"},{"name":"projects/web1-bd26b/locations/us-west4","labels":{"appengine.googleapis.com/region":"us-west4","cloud.googleapis.com/location":"us-west4","cloud.googleapis.com/region":"us-west4"},"metadata":{"@type":"type.googleapis.com/google.firestore.admin.v1.LocationMetadata"},"locationId":"us-west4","displayName":"Las Vegas"}]}
[info] 
[info] Firestore Security Rules allow you to define how and when to allow
[info] requests. You can keep these rules in your project directory
[info] and publish them with firebase deploy.
[info] 
[debug] [2026-01-19T21:46:44.050Z] Checked if tokens are valid: false, expires at: 1768859891697
[debug] [2026-01-19T21:46:44.052Z] Checked if tokens are valid: false, expires at: 1768859891697
[debug] [2026-01-19T21:46:44.053Z] > refreshing access token with scopes: []
[debug] [2026-01-19T21:46:44.060Z] >>> [apiv2][query] POST https://www.googleapis.com/oauth2/v3/token [none]
[debug] [2026-01-19T21:46:44.060Z] >>> [apiv2][body] POST https://www.googleapis.com/oauth2/v3/token [omitted]
[debug] [2026-01-19T21:46:44.638Z] <<< [apiv2][status] POST https://www.googleapis.com/oauth2/v3/token 200
[debug] [2026-01-19T21:46:44.638Z] <<< [apiv2][body] POST https://www.googleapis.com/oauth2/v3/token [omitted]
[debug] [2026-01-19T21:46:44.653Z] >>> [apiv2][query] GET https://firebaserules.googleapis.com/v1/projects/web1-bd26b/releases pageSize=10&pageToken=
[debug] [2026-01-19T21:46:45.723Z] <<< [apiv2][status] GET https://firebaserules.googleapis.com/v1/projects/web1-bd26b/releases 200
[debug] [2026-01-19T21:46:45.723Z] <<< [apiv2][body] GET https://firebaserules.googleapis.com/v1/projects/web1-bd26b/releases {}
[info] 
[info] Firestore indexes allow you to perform complex queries while
[info] maintaining performance that scales with the size of the result
[info] set. You can keep index definitions in your project directory
[info] and publish them with firebase deploy.
[info] 
[debug] [2026-01-19T21:46:57.583Z] Checked if tokens are valid: true, expires at: 1768862803639
[debug] [2026-01-19T21:46:57.583Z] Checked if tokens are valid: true, expires at: 1768862803639
[debug] [2026-01-19T21:46:57.583Z] Checked if tokens are valid: true, expires at: 1768862803639
[debug] [2026-01-19T21:46:57.583Z] Checked if tokens are valid: true, expires at: 1768862803639
[debug] [2026-01-19T21:46:57.584Z] >>> [apiv2][query] GET https://firestore.googleapis.com/v1/projects/web1-bd26b/databases/(default)/collectionGroups/-/indexes [none]
[debug] [2026-01-19T21:46:57.589Z] >>> [apiv2][query] GET https://firestore.googleapis.com/v1/projects/web1-bd26b/databases/(default)/collectionGroups/-/fields?filter=indexConfig.usesAncestorConfig=false OR ttlConfig:* [none]
[debug] [2026-01-19T21:46:57.996Z] <<< [apiv2][status] GET https://firestore.googleapis.com/v1/projects/web1-bd26b/databases/(default)/collectionGroups/-/indexes 404
[debug] [2026-01-19T21:46:57.996Z] <<< [apiv2][body] GET https://firestore.googleapis.com/v1/projects/web1-bd26b/databases/(default)/collectionGroups/-/indexes {"error":{"code":404,"message":"Project 'web1-bd26b' or database '(default)' does not exist.","status":"NOT_FOUND"}}
[info] ✔  Wrote firestore.rules 
[info] ✔  Wrote firestore.indexes.json 
[info] 
=== Hosting Setup
[debug] [2026-01-19T21:46:58.007Z] Checked if tokens are valid: true, expires at: 1768862803639
[debug] [2026-01-19T21:46:58.007Z] Checked if tokens are valid: true, expires at: 1768862803639
[debug] [2026-01-19T21:46:58.008Z] >>> [apiv2][query] GET https://firebase.googleapis.com/v1beta1/projects/web1-bd26b [none]
[debug] [2026-01-19T21:46:58.013Z] <<< [apiv2][status] GET https://firestore.googleapis.com/v1/projects/web1-bd26b/databases/(default)/collectionGroups/-/fields?filter=indexConfig.usesAncestorConfig=false OR ttlConfig:* 404
[debug] [2026-01-19T21:46:58.013Z] <<< [apiv2][body] GET https://firestore.googleapis.com/v1/projects/web1-bd26b/databases/(default)/collectionGroups/-/fields?filter=indexConfig.usesAncestorConfig=false OR ttlConfig:* {"error":{"code":404,"message":"Project 'web1-bd26b' or database '(default)' does not exist.","status":"NOT_FOUND"}}
[debug] [2026-01-19T21:46:58.598Z] <<< [apiv2][status] GET https://firebase.googleapis.com/v1beta1/projects/web1-bd26b 200
[debug] [2026-01-19T21:46:58.598Z] <<< [apiv2][body] GET https://firebase.googleapis.com/v1beta1/projects/web1-bd26b {"projectId":"web1-bd26b","projectNumber":"880889167025","displayName":"web1 ","name":"projects/web1-bd26b","resources":{"hostingSite":"web1-bd26b"},"state":"ACTIVE","etag":"1_959b7b12-0898-4760-9464-b2a1367eb69b"}
[info] 
[info] Your public directory is the folder (relative to your project directory) that
[info] will contain Hosting assets to be uploaded with firebase deploy. If you
[info] have a build process for your assets, use your build's output directory.
[info] 
[debug] [2026-01-19T21:47:42.523Z] ExitPromptError: User force closed the prompt with SIGINT
    at Interface.sigint (/Users/oliverronco/.npm/_npx/ba4f1959e38407b5/node_modules/@inquirer/core/dist/commonjs/lib/create-prompt.js:101:37)
    at Interface.emit (node:events:508:28)
    at [_ttyWrite] [as _ttyWrite] (node:internal/readline/interface:1327:18)
    at ReadStream.onkeypress (node:internal/readline/interface:284:20)
    at ReadStream.emit (node:events:520:35)
    at emitKeys (node:internal/readline/utils:371:14)
    at emitKeys.next (<anonymous>)
    at ReadStream.onData (node:internal/readline/emitKeypressEvents:64:36)
    at ReadStream.emit (node:events:508:28)
    at addChunk (node:internal/streams/readable:559:12)
[error] 
[error] Error: An unexpected error has occurred.
